HOST: ailab-l4-06
SLURM_JOB_GPUS=4
SLURM_STEP_GPUS=4
CUDA_VISIBLE_DEVICES=4
Fri Feb  6 18:24:17 2026       
+-----------------------------------------------------------------------------------------+
| NVIDIA-SMI 580.105.08             Driver Version: 580.105.08     CUDA Version: 13.0     |
+-----------------------------------------+------------------------+----------------------+
| GPU  Name                 Persistence-M | Bus-Id          Disp.A | Volatile Uncorr. ECC |
| Fan  Temp   Perf          Pwr:Usage/Cap |           Memory-Usage | GPU-Util  Compute M. |
|                                         |                        |               MIG M. |
|=========================================+========================+======================|
|   0  NVIDIA L4                      On  |   00000000:01:00.0 Off |                    0 |
| N/A   39C    P8             16W /   72W |       3MiB /  23034MiB |      0%      Default |
|                                         |                        |                  N/A |
+-----------------------------------------+------------------------+----------------------+
|   1  NVIDIA L4                      On  |   00000000:02:00.0 Off |                    0 |
| N/A   38C    P8             15W /   72W |       3MiB /  23034MiB |      0%      Default |
|                                         |                        |                  N/A |
+-----------------------------------------+------------------------+----------------------+
|   2  NVIDIA L4                      On  |   00000000:41:00.0 Off |                    0 |
| N/A   38C    P8             16W /   72W |       3MiB /  23034MiB |      0%      Default |
|                                         |                        |                  N/A |
+-----------------------------------------+------------------------+----------------------+
|   3  NVIDIA L4                      On  |   00000000:61:00.0 Off |                    0 |
| N/A   35C    P8             16W /   72W |       3MiB /  23034MiB |      0%      Default |
|                                         |                        |                  N/A |
+-----------------------------------------+------------------------+----------------------+
|   4  NVIDIA L4                      On  |   00000000:81:00.0 Off |                    0 |
| N/A   39C    P8             16W /   72W |       3MiB /  23034MiB |      0%      Default |
|                                         |                        |                  N/A |
+-----------------------------------------+------------------------+----------------------+
|   5  NVIDIA L4                      On  |   00000000:82:00.0 Off |                    0 |
| N/A   37C    P8             16W /   72W |       3MiB /  23034MiB |      0%      Default |
|                                         |                        |                  N/A |
+-----------------------------------------+------------------------+----------------------+
|   6  NVIDIA L4                      On  |   00000000:A1:00.0 Off |                    0 |
| N/A   36C    P8             16W /   72W |       3MiB /  23034MiB |      0%      Default |
|                                         |                        |                  N/A |
+-----------------------------------------+------------------------+----------------------+
|   7  NVIDIA L4                      On  |   00000000:C1:00.0 Off |                    0 |
| N/A   36C    P8             16W /   72W |       3MiB /  23034MiB |      0%      Default |
|                                         |                        |                  N/A |
+-----------------------------------------+------------------------+----------------------+

+-----------------------------------------------------------------------------------------+
| Processes:                                                                              |
|  GPU   GI   CI              PID   Type   Process name                        GPU Memory |
|        ID   ID                                                               Usage      |
|=========================================================================================|
|  No running processes found                                                             |
+-----------------------------------------------------------------------------------------+
pid, process_name, used_gpu_memory [MiB]
